This is e-pTeX, Version 3.141592653-p4.1.0-230214-2.6 (utf8.euc) (TeX Live 2023/Cygwin) (preloaded format=platex 2024.1.17)  28 JUN 2024 02:27
entering extended mode
 restricted \write18 enabled.
 %&-line parsing enabled.
**lis-ug-ja.tex
(./lis-ug-ja.tex
pLaTeX2e <2023-02-14>+1 (based on LaTeX2e <2022-11-01> patch level 1)
L3 programming layer <2023-02-22>
(/usr/share/texmf-dist/tex/platex/base/jarticle.cls
Document Class: jarticle 2020/09/30 v1.8f Standard pLaTeX class
\c@@paper=\count184
(/usr/share/texmf-dist/tex/platex/base/jsize10.clo
File: jsize10.clo 2020/09/30 v1.8f Standard pLaTeX file (size option)
)
\c@part=\count185
\c@section=\count186
\c@subsection=\count187
\c@subsubsection=\count188
\c@paragraph=\count189
\c@subparagraph=\count190
\c@figure=\count191
\c@table=\count192
\abovecaptionskip=\skip48
\belowcaptionskip=\skip49
\symmincho=\mathgroup4
LaTeX Font Info:    Overwriting symbol font `mincho' in version `bold'
(Font)                  JY1/mc/m/n --> JY1/gt/m/n on input line 615.
\toclineskip=\dimen156
\@lnumwidth=\dimen157
\bibindent=\dimen158
\heisei=\count193
)
(/usr/share/texmf-dist/tex/latex/graphics/graphicx.sty
Package: graphicx 2021/09/16 v1.2d Enhanced LaTeX Graphics (DPC,SPQR)

(/usr/share/texmf-dist/tex/latex/graphics/keyval.sty
Package: keyval 2022/05/29 v1.15 key=value parser (DPC)
\KV@toks@=\toks17
)
(/usr/share/texmf-dist/tex/latex/graphics/graphics.sty
Package: graphics 2022/03/10 v1.4e Standard LaTeX Graphics (DPC,SPQR)

(/usr/share/texmf-dist/tex/latex/graphics/trig.sty
Package: trig 2021/08/11 v1.11 sin cos tan (DPC)
)
(/usr/share/texmf-dist/tex/latex/graphics-cfg/graphics.cfg
File: graphics.cfg 2016/06/04 v1.11 sample graphics configuration
)
Package graphics Info: Driver file: dvipdfmx.def on input line 107.

(/usr/share/texmf-dist/tex/latex/graphics-def/dvipdfmx.def
File: dvipdfmx.def 2022/09/22 v5.0m Graphics/color driver for dvipdfmx
))
\Gin@req@height=\dimen159
\Gin@req@width=\dimen160
)
(/usr/share/texmf-dist/tex/latex/ascmac.sty
\scb@x=\box68
\scscb@x=\box69
\@bw=\dimen161
\@nbox=\box70
\@nbody=\box71
\@scw=\dimen162
\@itemh=\dimen163
\@iboxstr=\toks18
\@iboxpos=\toks19
\@bwsp=\box72
\@@bwsp=\box73
\@bcal=\count194
\shaderule=\dimen164
) (/home/nishida/tex/inputs/epic.sty
Enhancements to Picture Environment. Version 1.2 - Released June 1, 1986
\@@multicnt=\count195
\d@lta=\count196
\@delta=\dimen165
\@@delta=\dimen166
\@gridcnt=\count197
\@joinkind=\count198
\@dotgap=\dimen167
\@ddotgap=\dimen168
\@x@diff=\count199
\@y@diff=\count266
\x@diff=\dimen169
\y@diff=\dimen170
\@dotbox=\box74
\num@segments=\count267
\num@segmentsi=\count268
\@datafile=\read2
) (/home/nishida/tex/inputs/eepic.sty
Extension to Epic and LaTeX. Version 1.1e - Released Dec 21, 1999
\@gphlinewidth=\count269
\@eepictcnt=\count270
\@tempdimc=\dimen171
\maxovaldiam=\dimen172
\@filltype=\box75
) (/home/nishida/tex/inputs/itembbox.sty
Package: itembbox 2004/08/10 v 0.19
\iboxpos@=\toks20
\sc@itemb@x=\box76
\sc@itemb@x@=\box77
\@itemw=\dimen173
\shaderule=\dimen174
\dblboxrule=\dimen175
\dblboxrulein=\dimen176
\dblboxsep=\dimen177
)
(/usr/share/texmf-dist/tex/latex/l3backend/l3backend-dvips.def
File: l3backend-dvips.def 2023-01-16 L3 backend support: dvips
\l__pdf_internal_box=\box78
\g__pdf_backend_object_int=\count271
\l__pdf_backend_content_box=\box79
\l__pdf_backend_model_box=\box80
\g__pdf_backend_annotation_int=\count272
\g__pdf_backend_link_int=\count273
\g__pdf_backend_link_sf_int=\count274
)
(./lis-ug-ja.aux

LaTeX Warning: Label `sec:setoptions' multiply defined.

)
\openout1 = `lis-ug-ja.aux'.

LaTeX Font Info:    Checking defaults for OML/cmm/m/it on input line 41.
LaTeX Font Info:    ... okay on input line 41.
LaTeX Font Info:    Checking defaults for OMS/cmsy/m/n on input line 41.
LaTeX Font Info:    ... okay on input line 41.
LaTeX Font Info:    Checking defaults for OT1/cmr/m/n on input line 41.
LaTeX Font Info:    ... okay on input line 41.
LaTeX Font Info:    Checking defaults for T1/cmr/m/n on input line 41.
LaTeX Font Info:    ... okay on input line 41.
LaTeX Font Info:    Checking defaults for TS1/cmr/m/n on input line 41.
LaTeX Font Info:    ... okay on input line 41.
LaTeX Font Info:    Checking defaults for OMX/cmex/m/n on input line 41.
LaTeX Font Info:    ... okay on input line 41.
LaTeX Font Info:    Checking defaults for U/cmr/m/n on input line 41.
LaTeX Font Info:    ... okay on input line 41.
LaTeX Font Info:    Checking defaults for JY1/mc/m/n on input line 41.
LaTeX Font Info:    ... okay on input line 41.
LaTeX Font Info:    Checking defaults for JT1/mc/m/n on input line 41.
LaTeX Font Info:    ... okay on input line 41.
File: irises_korin.eps Graphic file (type eps)
<irises_korin.eps>
 [1

] [2]
LaTeX Font Info:    Font shape `JT1/mc/bx/n' in size <14.4> not available
(Font)              Font shape `JT1/gt/m/n' tried instead on input line 113.
LaTeX Font Info:    Font shape `JY1/mc/bx/n' in size <14.4> not available
(Font)              Font shape `JY1/gt/m/n' tried instead on input line 113.
 (./lis-ug-ja.toc
LaTeX Font Info:    Font shape `JT1/mc/bx/n' in size <10> not available
(Font)              Font shape `JT1/gt/m/n' tried instead on input line 1.
LaTeX Font Info:    Font shape `JY1/mc/bx/n' in size <10> not available
(Font)              Font shape `JY1/gt/m/n' tried instead on input line 1.
LaTeX Font Info:    External font `cmex10' loaded for size
(Font)              <7> on input line 3.
LaTeX Font Info:    External font `cmex10' loaded for size
(Font)              <5> on input line 3.
 [1] [2] [3] [4] [5] [6])
\tf@toc=\write3
\openout3 = `lis-ug-ja.toc'.

 [1]
Overfull \hbox (2.7166pt too wide) in paragraph at lines 161--166
[]\OT1/cmtt/m/n/10 lis[]solver[]get[]solvername()\OT1/cmr/m/n/10 , \OT1/cmtt/m/
n/10 lis[]solver[]get[]preconname()\OT1/cmr/m/n/10 , \OT1/cmtt/m/n/10 lis[]esol
ver[]get[]esolvername()
 []

[2]
Overfull \hbox (3.06116pt too wide) in paragraph at lines 187--192
[]\OT1/cmtt/m/n/10 lis[]esolver[]get[]itersex() \JY1/mc/m/n/10 の名称をそれぞれ
 \OT1/cmtt/m/n/10 lis[]solver[]get[]iter()\OT1/cmr/m/n/10 , \OT1/cmtt/m/n/10 li
s[]solver[]get[]iterex()\OT1/cmr/m/n/10 ,
 []


Overfull \hbox (6.12564pt too wide) in paragraph at lines 197--199
[]\JY1/mc/m/n/10 関数 \OT1/cmtt/m/n/10 lis[]array[]dot2()\OT1/cmr/m/n/10 , \OT1
/cmtt/m/n/10 lis[]array[]invGauss() \JY1/mc/m/n/10 の名称をそれぞれ \OT1/cmtt/m
/n/10 lis[]array[]dot()\OT1/cmr/m/n/10 , \OT1/cmtt/m/n/10 lis[]array[]ge()
 []

[3] [4]
Overfull \hbox (51.14798pt too wide) detected at line 292
 [][][]  
 []


Overfull \hbox (80.02303pt too wide) detected at line 355
 [][][]  
 []

[5]
LaTeX Font Info:    Font shape `JT1/mc/bx/n' in size <12> not available
(Font)              Font shape `JT1/gt/m/n' tried instead on input line 363.
LaTeX Font Info:    Font shape `JY1/mc/bx/n' in size <12> not available
(Font)              Font shape `JY1/gt/m/n' tried instead on input line 363.
LaTeX Font Info:    External font `cmex10' loaded for size
(Font)              <9> on input line 379.
LaTeX Font Info:    External font `cmex10' loaded for size
(Font)              <6> on input line 379.
LaTeX Font Info:    Trying to load font information for TS1+cmtt on input line 
428.
 (/usr/share/texmf-dist/tex/latex/base/ts1cmtt.fd
File: ts1cmtt.fd 2022/07/10 v2.5l Standard LaTeX font definitions
) [6]
Overfull \hbox (20.25201pt too wide) in paragraph at lines 498--530
 [][][] 
 []


Overfull \hbox (30.4697pt too wide) in paragraph at lines 564--564
[]\OT1/cmtt/m/n/10 convergence condition : ||b-Ax||_2 <= 1.0e-12 * ||b-Ax_0||_2
[] 
 []


Overfull \hbox (4.21992pt too wide) in paragraph at lines 564--564
[]\OT1/cmtt/m/n/10 BiCG: number of iterations = 15 (double = 15, quad = 0)[] 
 []


Overfull \hbox (30.4697pt too wide) in paragraph at lines 588--588
[]\OT1/cmtt/m/n/10 convergence condition : ||b-Ax||_2 <= 1.0e-12 * ||b-Ax_0||_2
[] 
 []


Overfull \hbox (4.21992pt too wide) in paragraph at lines 588--588
[]\OT1/cmtt/m/n/10 BiCG: number of iterations = 15 (double = 15, quad = 0)[] 
 []

[7] [8] [9]
Overfull \hbox (30.4697pt too wide) in paragraph at lines 611--611
[]\OT1/cmtt/m/n/10 convergence condition : ||b-Ax||_2 <= 1.0e-12 * ||b-Ax_0||_2
[] 
 []


Overfull \hbox (4.21992pt too wide) in paragraph at lines 611--611
[]\OT1/cmtt/m/n/10 BiCG: number of iterations = 15 (double = 15, quad = 0)[] 
 []

[10] [11]
LaTeX Font Info:    Trying to load font information for OMS+cmtt on input line 
658.
LaTeX Font Info:    No file OMScmtt.fd. on input line 658.


LaTeX Font Warning: Font shape `OMS/cmtt/m/n' undefined
(Font)              using `OMS/cmsy/m/n' instead
(Font)              for symbol `textbackslash' on input line 658.


Overfull \hbox (1.50194pt too wide) in paragraph at lines 691--700
[]      []\OT1/cmtt/m/n/10 > test1 matrix_filename rhs_setting solution_filenam
e rhistory_filename [options] 
 []

[12] [13] [14] [15] [16] [17] [18] [19] [20] [21] [22] [23]
Overfull \hbox (5.50215pt too wide) in paragraph at lines 1295--1296
[][]\OT1/cmtt/m/n/10 Fortran subroutine lis_vector_create(LIS_Comm comm, LIS_VE
CTOR v, LIS_INTEGER ierr) 
 []

[24]
Overfull \hbox (21.25201pt too wide) in paragraph at lines 1354--1355
[][]\OT1/cmtt/m/n/10 Fortran subroutine lis_vector_copy(LIS_VECTOR vsrc, LIS_VE
CTOR vdst, LIS_INTEGER ierr) 
 []

[25] [26]
Overfull \hbox (5.50215pt too wide) in paragraph at lines 1485--1486
[][]\OT1/cmtt/m/n/10 Fortran subroutine lis_matrix_create(LIS_Comm comm, LIS_MA
TRIX A, LIS_INTEGER ierr) 
 []


Overfull \hbox (10.7521pt too wide) in paragraph at lines 1495--1496
[][]\OT1/cmtt/m/n/10 C       LIS_INT lis_matrix_set_size(LIS_MATRIX A, LIS_INT 
local_n, LIS_INT global_n) 
 []

[27] [28] [29] [30] [31]
Overfull \hbox (5.50215pt too wide) in paragraph at lines 1761--1762
[][]\OT1/cmtt/m/n/10 C       LIS_INT lis_input(LIS_MATRIX A, LIS_VECTOR b, LIS_
VECTOR x, char *filename) 
 []

[32] [33] [34] [35] [36] [37] [38] [39] [40] [41] [42] [43]
Overfull \hbox (4.17581pt too wide) in paragraph at lines 2410--2410
[] \OT1/cmtt/m/n/9 61:                         CALL lis_matrix_psd_set_value(LI
S_INS_VALUE,i,j,LHS(i,j),A,ierr)[] 
 []

[44] [45] [46]
LaTeX Font Info:    Font shape `JT1/mc/bx/n' in size <9> not available
(Font)              Font shape `JT1/gt/m/n' tried instead on input line 2430.
LaTeX Font Info:    Font shape `JY1/mc/bx/n' in size <9> not available
(Font)              Font shape `JY1/gt/m/n' tried instead on input line 2430.
 [47] [48] [49]
File: double-double.eps Graphic file (type eps)
<double-double.eps>
 [50] [51]
File: storage01.eps Graphic file (type eps)
<storage01.eps>
File: storage01_mpi.eps Graphic file (type eps)
<storage01_mpi.eps>
 [52] [53]
File: storage02.eps Graphic file (type eps)
<storage02.eps>
 [54]
File: storage02_mpi.eps Graphic file (type eps)
<storage02_mpi.eps>
 [55]
File: storage03.eps Graphic file (type eps)
<storage03.eps>
 [56]
File: storage03_mpi.eps Graphic file (type eps)
<storage03_mpi.eps>
 [57]
File: storage04.eps Graphic file (type eps)
<storage04.eps>
File: storage04_omp.eps Graphic file (type eps)
<storage04_omp.eps>
 [58]
Overfull \hbox (4.17581pt too wide) in paragraph at lines 3079--3079
[]\OT1/cmtt/m/n/9 11: index[0] = -1; index[1] =  0; index[2] =  0; index[3] = -
3; index[4] = -1; index[5] =  0;[] 
 []


Overfull \hbox (4.17581pt too wide) in paragraph at lines 3079--3079
[]\OT1/cmtt/m/n/9 12: value[0] =  0; value[1] = 21; value[2] = 11; value[3] = 2
2; value[4] =  0; value[5] =  0;[] 
 []


Overfull \hbox (4.17581pt too wide) in paragraph at lines 3079--3079
[]\OT1/cmtt/m/n/9 13: value[6] =  0; value[7] = 41; value[8] = 32; value[9] = 4
3; value[10]= 33; value[11]= 44;[] 
 []

[59]
File: storage04_mpi.eps Graphic file (type eps)
<storage04_mpi.eps>
 [60]
File: storage05.eps Graphic file (type eps)
<storage05.eps>

Overfull \hbox (4.17581pt too wide) in paragraph at lines 3188--3188
[]\OT1/cmtt/m/n/9 11: index[0] =  0; index[1] =  0; index[2] =  1; index[3] =  
0; index[4] =  0; index[5] =  1;[] 
 []


Overfull \hbox (4.17581pt too wide) in paragraph at lines 3188--3188
[]\OT1/cmtt/m/n/9 12: index[6] =  2; index[7] =  2; index[8] =  0; index[9] =  
1; index[10]=  2; index[11]=  3;[] 
 []


Overfull \hbox (4.17581pt too wide) in paragraph at lines 3188--3188
[]\OT1/cmtt/m/n/9 13: value[0] = 11; value[1] = 21; value[2] = 32; value[3] = 4
1; value[4] =  0; value[5] = 22;[] 
 []


Overfull \hbox (4.17581pt too wide) in paragraph at lines 3188--3188
[]\OT1/cmtt/m/n/9 14: value[6] = 33; value[7] = 43; value[8] =  0; value[9] =  
0; value[10]=  0; value[11]= 44;[] 
 []

[61]
File: storage05_mpi.eps Graphic file (type eps)
<storage05_mpi.eps>
 [62] [63]
File: storage06.eps Graphic file (type eps)
<storage06.eps>
 [64]
File: storage06_omp.eps Graphic file (type eps)
<storage06_omp.eps>
 [65]
File: storage06_mpi.eps Graphic file (type eps)
<storage06_mpi.eps>
 [66] [67]
File: storage07.eps Graphic file (type eps)
<storage07.eps>
 [68]
File: storage07_mpi.eps Graphic file (type eps)
<storage07_mpi.eps>

Overfull \hbox (4.17581pt too wide) in paragraph at lines 3517--3517
[] \OT1/cmtt/m/n/9 6: if( my_rank==0 ) {n = 2; bnr = 2; bnc = 2; bnnz = 1; nr =
 (n-1)/bnr+1; nc = (n-1)/bnc+1;}[] 
 []


Overfull \hbox (4.17581pt too wide) in paragraph at lines 3517--3517
[] \OT1/cmtt/m/n/9 7: else             {n = 2; bnr = 2; bnc = 2; bnnz = 2; nr =
 (n-1)/bnr+1; nc = (n-1)/bnc+1;}[] 
 []

[69]
File: storage08.eps Graphic file (type eps)
<storage08.eps>
 [70]
File: storage08_mpi.eps Graphic file (type eps)
<storage08_mpi.eps>

Overfull \hbox (4.17581pt too wide) in paragraph at lines 3632--3632
[] \OT1/cmtt/m/n/9 6: if( my_rank==0 ) {n = 2; bnr = 2; bnc = 2; bnnz = 2; nr =
 (n-1)/bnr+1; nc = (n-1)/bnc+1;}[] 
 []


Overfull \hbox (4.17581pt too wide) in paragraph at lines 3632--3632
[] \OT1/cmtt/m/n/9 7: else             {n = 2; bnr = 2; bnc = 2; bnnz = 1; nr =
 (n-1)/bnr+1; nc = (n-1)/bnc+1;}[] 
 []

[71] [72]
File: storage09.eps Graphic file (type eps)
<storage09.eps>

Overfull \hbox (18.94203pt too wide) in paragraph at lines 3689--3690
[]  
 []

[73]
File: storage09_mpi.eps Graphic file (type eps)
<storage09_mpi.eps>
 [74] [75]
File: storage10.eps Graphic file (type eps)
<storage10.eps>
 [76]
File: storage10_mpi.eps Graphic file (type eps)
<storage10_mpi.eps>
 [77]
File: storage11.eps Graphic file (type eps)
<storage11.eps>
 [78]
File: storage11_mpi.eps Graphic file (type eps)
<storage11_mpi.eps>
 [79] [80]
Underfull \hbox (badness 10000) in paragraph at lines 4070--4073
[][]\OT1/cmtt/m/n/10 C       LIS_INT lis_vector_duplicate(void *vin, LIS_VECTOR
 *vout)
 []

[81] [82] [83]
Underfull \hbox (badness 10000) in paragraph at lines 4160--4163
[][]\OT1/cmtt/m/n/10 C       LIS_INT lis_vector_get_range(LIS_VECTOR v, LIS_INT
 *is, LIS_INT *ie)
 []

[84] [85]
Underfull \hbox (badness 10000) in paragraph at lines 4217--4220
[][]\OT1/cmtt/m/n/10 C       LIS_INT lis_vector_get_value(LIS_VECTOR v, LIS_INT
 i, LIS_SCALAR *value)
 []

[86]
Overfull \hbox (0.50212pt too wide) in paragraph at lines 4243--4247
[][]\OT1/cmtt/m/n/10 C       LIS_INT lis_vector_set_values(LIS_INT flag, LIS_IN
T count, LIS_INT index[], 
 []

[87] [88] [89] [90]
Underfull \hbox (badness 10000) in paragraph at lines 4381--4383
[][]\OT1/cmtt/m/n/10 C       LIS_INT lis_matrix_create(LIS_Comm comm, LIS_MATRI
X *A)
 []


Overfull \hbox (0.50212pt too wide) in paragraph at lines 4381--4383
\OT1/cmtt/m/n/10 Fortran subroutine lis_matrix_create(LIS_Comm comm, LIS_MATRIX
 A, LIS_INTEGER ierr) 
 []


Underfull \hbox (badness 10000) in paragraph at lines 4426--4429
[][]\OT1/cmtt/m/n/10 C       LIS_INT lis_matrix_duplicate(LIS_MATRIX Ain, LIS_M
ATRIX *Aout)
 []

[91]
Underfull \hbox (badness 10000) in paragraph at lines 4451--4454
[][]\OT1/cmtt/m/n/10 C       LIS_INT lis_matrix_malloc(LIS_MATRIX A, LIS_INT nn
z_row, LIS_INT nnz[])
 []

[92]
Overfull \hbox (1.4636pt too wide) in paragraph at lines 4508--4511
[]\JY1/mc/m/n/10 関数[] \OT1/cmtt/m/n/10 lis_matrix_set_value \JY1/mc/m/n/10 は
代入された値を一時的な内部形式で格納するため[]\OT1/cmr/m/n/10 , []\OT1/cmtt/m/n
/10 lis_matrix_set_value
 []

[93]
Underfull \hbox (badness 10000) in paragraph at lines 4540--4543
[][]\OT1/cmtt/m/n/10 LIS_INT lis_matrix_set_size(LIS_MATRIX A, LIS_INT local_n,
 LIS_INT global_n)
 []

[94]
Underfull \hbox (badness 10000) in paragraph at lines 4600--4603
[][]\OT1/cmtt/m/n/10 C       LIS_INT lis_matrix_get_range(LIS_MATRIX A, LIS_INT
 *is, LIS_INT *ie)
 []

[95]
Underfull \hbox (badness 10000) in paragraph at lines 4626--4629
[][]\OT1/cmtt/m/n/10 C       LIS_INT lis_matrix_get_nnz(LIS_MATRIX A, LIS_INT *
nnz)
 []

[96]
Underfull \hbox (badness 10000) in paragraph at lines 4651--4654
[][]\OT1/cmtt/m/n/10 C       LIS_INT lis_matrix_set_type(LIS_MATRIX A, LIS_INT 
matrix_type)
 []

[97]
Underfull \hbox (badness 10000) in paragraph at lines 4698--4701
[][]\OT1/cmtt/m/n/10 C       LIS_INT lis_matrix_get_type(LIS_MATRIX A, LIS_INT 
*matrix_type)
 []

[98] [99] [100] [101] [102] [103] [104] [105] [106] [107] [108]
Underfull \hbox (badness 10000) in paragraph at lines 5128--5131
[][]\OT1/cmtt/m/n/10 C       LIS_INT lis_vector_axpy(LIS_SCALAR alpha, LIS_VECT
OR x, LIS_VECTOR y)
 []


Underfull \hbox (badness 10000) in paragraph at lines 5150--5153
[][]\OT1/cmtt/m/n/10 C       LIS_INT lis_vector_xpay(LIS_VECTOR x, LIS_SCALAR a
lpha, LIS_VECTOR y)
 []

[109] [110] [111]
Underfull \hbox (badness 10000) in paragraph at lines 5262--5265
[][]\OT1/cmtt/m/n/10 C       LIS_INT lis_vector_set_all(LIS_SCALAR value, LIS_V
ECTOR x)
 []

[112] [113] [114]
Underfull \hbox (badness 10000) in paragraph at lines 5369--5372
[][]\OT1/cmtt/m/n/10 C       LIS_INT lis_vector_dot(LIS_VECTOR x, LIS_VECTOR y,
 LIS_SCALAR *value)
 []


Underfull \hbox (badness 10000) in paragraph at lines 5390--5393
[][]\OT1/cmtt/m/n/10 C       LIS_INT lis_vector_nhdot(LIS_VECTOR x, LIS_VECTOR 
y, LIS_SCALAR *value)
 []

[115] [116]
Overfull \hbox (0.50212pt too wide) in paragraph at lines 5473--5475
[]\OT1/cmtt/m/n/10 Fortran subroutine lis_vector_sum(LIS_VECTOR x, LIS_SCALAR v
alue, LIS_INTEGER ierr) 
 []

[117] [118] [119]
Underfull \hbox (badness 10000) in paragraph at lines 5563--5566
[][]\OT1/cmtt/m/n/10 C       LIS_INT lis_matrix_copy(LIS_MATRIX Ain, LIS_MATRIX
 Aout)
 []

[120] [121] [122] [123] [124] [125] [126]
Underfull \hbox (badness 10000) in paragraph at lines 5893--5896
[][]\OT1/cmtt/m/n/10 C       LIS_INT lis_solver_set_option(char *text, LIS_SOLV
ER solver)
 []

[127] [128] [129] [130] [131] [132]
Overfull \hbox (30.74052pt too wide) in paragraph at lines 6109--6114
[][]\OT1/cmtt/m/n/10 lis-(\TS1/cmtt/m/n/10 $\OT1/cmtt/m/n/10 VERSION)/src/esolv
er/lis[]esolver[]ii.c \JY1/mc/m/n/10 などを参照のこと\OT1/cmr/m/n/10 . \JY1/mc/
m/n/10 このプログラムでは\OT1/cmr/m/n/10 , []\OT1/cmtt/m/n/10 lis_solve_kernel
 []

[133] [134] [135] [136] [137]
Overfull \hbox (5.75208pt too wide) in paragraph at lines 6309--6312
[]\OT1/cmtt/m/n/10 Fortran subroutine lis_solver_get_precon(LIS_SOLVER solver, 
LIS_INTEGER precon_type, 
 []

[138] [139] [140]
Underfull \hbox (badness 10000) in paragraph at lines 6419--6422
[][]\OT1/cmtt/m/n/10 C       LIS_INT lis_esolver_set_option(char *text, LIS_ESO
LVER esolver)
 []

[141] [142] [143] [144] [145] [146] [147] [148] [149] [150] [151] [152]
Overfull \hbox (0.50212pt too wide) in paragraph at lines 6921--6925
[][]\OT1/cmtt/m/n/10 C       LIS_INT lis_esolver_get_specific_evector(LIS_ESOLV
ER esolver, LIS_INT mode, 
 []

[153] [154]
Overfull \hbox (0.50212pt too wide) in paragraph at lines 7013--7016
[]\OT1/cmtt/m/n/10 Fortran subroutine lis_esolver_get_esolvername(LIS_INTEGER e
solver, character name, 
 []

[155] [156] [157]
Overfull \hbox (0.50212pt too wide) in paragraph at lines 7134--7138
[]\OT1/cmtt/m/n/10 Fortran subroutine lis_array_axpyz(LIS_INTEGER n, LIS_SCALAR
 alpha, LIS_SCALAR x(), 
 []


Overfull \hbox (0.50212pt too wide) in paragraph at lines 7158--7161
[]\OT1/cmtt/m/n/10 Fortran subroutine lis_array_scale(LIS_INTEGER n, LIS_SCALAR
 alpha, LIS_SCALAR x(), 
 []

[158] [159] [160] [161]
Overfull \hbox (0.50212pt too wide) in paragraph at lines 7319--7322
[]\OT1/cmtt/m/n/10 Fortran subroutine lis_array_shift(LIS_INTEGER n, LIS_SCALAR
 sigma, LIS_SCALAR x(), 
 []

[162] [163] [164] [165] [166]
Overfull \hbox (0.50212pt too wide) in paragraph at lines 7510--7514
[]\OT1/cmtt/m/n/10 Fortran subroutine lis_array_matvech(LIS_INTEGER n, LIS_SCAL
AR a(), LIS_SCALAR x(), 
 []

[167]
Overfull \hbox (5.75208pt too wide) in paragraph at lines 7540--7545
[]\OT1/cmtt/m/n/10 Fortran subroutine lis_array_matvec_ns(LIS_INTEGER m, LIS_IN
TEGER n, LIS_SCALAR a(), 
 []

[168] [169]
Overfull \hbox (0.50212pt too wide) in paragraph at lines 7602--7608
[]\OT1/cmtt/m/n/10 Fortran subroutine lis_array_matmat_ns(LIS_INTEGER l, LIS_IN
TEGER m, LIS_INTEGER n, 
 []

[170] [171] [172] [173]
Overfull \hbox (0.50212pt too wide) in paragraph at lines 7762--7765
[][]\OT1/cmtt/m/n/10 C       LIS_INT lis_input(LIS_MATRIX A, LIS_VECTOR b, LIS_
VECTOR x, char *filename) 
 []

[174] [175] [176] [177]
Underfull \hbox (badness 10000) in paragraph at lines 7889--7892
[][]\OT1/cmtt/m/n/10 C       LIS_INT lis_output_vector(LIS_VECTOR v, LIS_INT fo
rmat, char *filename)
 []

[178] [179] [180] [181] [182] [183] [184] [185] [186] [187] [188] [189]
[190] [191] (./lis-ug-ja.aux)

LaTeX Font Warning: Some font shapes were not available, defaults substituted.


LaTeX Warning: There were multiply-defined labels.

 )
(\end occurred inside a group at level 2)

### simple group (level 2) entered at line 639 ({)
### simple group (level 1) entered at line 639 ({)
### bottom level 
Here is how much of TeX's memory you used:
 1647 strings out of 478184
 25947 string characters out of 5843370
 1867209 words of memory out of 5000000
 21966 multiletter control sequences out of 15000+600000
 523239 words of font info for 75 fonts, out of 8000000 for 9000
 14 hyphenation exceptions out of 8191
 55i,13n,62p,239b,523s stack positions out of 10000i,1000n,20000p,200000b,200000s

Output written on lis-ug-ja.dvi (199 pages, 516912 bytes).
